<?xml version="1.0" encoding="UTF-8"?>
<!-- Generated by org.testng.reporters.JUnitReportReporter -->
<testsuite skipped="0" hostname="Mohammads-MacBook-Pro-4.local" name="com.maven.technosoft.VerifyLogin" tests="1" failures="0" timestamp="30 May 2017 23:05:41 GMT" time="0.723" errors="0">
  <testcase name="verifyLogin" time="0.723" classname="com.maven.technosoft.VerifyLogin"/>
</testsuite> <!-- com.maven.technosoft.VerifyLogin -->
