<?xml version="1.0" encoding="UTF-8"?>
<!-- Generated by org.testng.reporters.JUnitReportReporter -->
<testsuite skipped="0" hostname="Mohammads-MacBook-Pro-4.local" name="com.maven.technosoft.Maven_2017.VerifyLogin" tests="1" failures="0" timestamp="30 May 2017 22:55:51 GMT" time="7.091" errors="0">
  <testcase name="verifyLogin" time="7.091" classname="com.maven.technosoft.Maven_2017.VerifyLogin"/>
</testsuite> <!-- com.maven.technosoft.Maven_2017.VerifyLogin -->
